TN:
SF:src/config/plugins/envs.plugin.ts
FNF:0
FNH:0
DA:1,1
DA:2,1
DA:3,1
DA:4,1
DA:5,1
DA:6,1
DA:7,1
DA:8,1
DA:9,1
DA:10,1
DA:11,1
DA:12,1
DA:13,1
DA:14,1
DA:15,1
DA:16,1
DA:17,1
DA:18,1
DA:19,1
DA:20,1
DA:21,1
DA:22,1
DA:23,1
DA:24,1
DA:25,1
DA:26,1
DA:27,1
LF:27
LH:27
BRF:0
BRH:0
end_of_record
TN:
SF:src/data/mongo/index.ts
FNF:0
FNH:0
DA:1,1
DA:2,1
DA:3,1
DA:4,1
LF:4
LH:4
BRF:0
BRH:0
end_of_record
TN:
SF:src/data/mongo/init.ts
FN:12,connect
FNF:1
FNH:1
FNDA:3,connect
DA:1,1
DA:2,1
DA:3,1
DA:4,1
DA:5,1
DA:6,1
DA:7,1
DA:8,1
DA:9,1
DA:10,1
DA:11,1
DA:12,1
DA:13,3
DA:14,3
DA:15,3
DA:16,3
DA:17,3
DA:18,3
DA:19,2
DA:20,2
DA:21,2
DA:22,1
DA:23,1
DA:24,1
DA:25,3
DA:26,1
LF:26
LH:26
BRDA:12,0,0,3
BRDA:19,1,0,2
BRDA:21,2,0,1
BRF:3
BRH:3
end_of_record
TN:
SF:src/data/mongo/models/log.model.ts
FNF:0
FNH:0
DA:1,1
DA:2,1
DA:3,1
DA:4,1
DA:5,1
DA:6,1
DA:7,1
DA:8,1
DA:9,1
DA:10,1
DA:11,1
DA:12,1
DA:13,1
DA:14,1
DA:15,1
DA:16,1
DA:17,1
DA:18,1
DA:19,1
DA:20,1
DA:21,1
DA:22,1
DA:23,1
DA:24,1
DA:25,1
LF:25
LH:25
BRF:0
BRH:0
end_of_record
TN:
SF:src/domain/entities/log.entities.ts
FN:23,LogEntity
FN:31,Object.<anonymous>.LogEntity.fromJson
FN:45,Object.<anonymous>.LogEntity.fromObject
FNF:3
FNH:3
FNDA:4,LogEntity
FNDA:8,Object.<anonymous>.LogEntity.fromJson
FNDA:1,Object.<anonymous>.LogEntity.fromObject
DA:1,1
DA:2,2
DA:3,2
DA:4,2
DA:5,2
DA:6,2
DA:7,1
DA:8,1
DA:9,1
DA:10,1
DA:11,1
DA:12,1
DA:13,1
DA:14,1
DA:15,1
DA:16,1
DA:17,1
DA:18,1
DA:19,1
DA:20,1
DA:21,1
DA:22,1
DA:23,1
DA:24,4
DA:25,4
DA:26,4
DA:27,4
DA:28,4
DA:29,4
DA:30,1
DA:31,1
DA:32,8
DA:33,8
DA:34,8
DA:35,8
DA:36,8
DA:37,8
DA:38,8
DA:39,8
DA:40,8
DA:41,8
DA:42,8
DA:43,8
DA:44,1
DA:45,1
DA:46,1
DA:47,1
DA:48,1
DA:49,1
DA:50,1
DA:51,1
DA:52,1
LF:52
LH:52
BRDA:2,0,0,2
BRDA:23,1,0,4
BRDA:31,2,0,8
BRDA:32,3,0,3
BRDA:32,4,0,5
BRDA:45,5,0,1
BRF:6
BRH:6
end_of_record
TN:
SF:src/domain/use-cases/checks/check-services-multiple.ts
FN:15,CheckServiceMultiple
FN:21,callLogs
FN:27,execute
FNF:3
FNH:3
FNDA:1,CheckServiceMultiple
FNDA:2,callLogs
FNDA:2,execute
DA:1,1
DA:2,1
DA:3,1
DA:4,1
DA:5,1
DA:6,1
DA:7,1
DA:8,1
DA:9,1
DA:10,1
DA:11,1
DA:12,1
DA:13,1
DA:14,1
DA:15,1
DA:16,1
DA:17,1
DA:18,1
DA:19,1
DA:20,1
DA:21,1
DA:22,2
DA:23,6
DA:24,2
DA:25,2
DA:26,1
DA:27,1
DA:28,2
DA:29,2
DA:30,2
DA:31,2
DA:32,0
DA:33,0
DA:34,1
DA:35,1
DA:36,1
DA:37,1
DA:38,1
DA:39,1
DA:40,1
DA:41,2
DA:42,2
DA:43,2
DA:44,2
DA:45,1
DA:46,1
DA:47,1
DA:48,1
DA:49,1
DA:50,1
DA:51,1
DA:52,1
DA:53,1
DA:54,1
DA:55,1
DA:56,1
DA:57,1
DA:58,2
DA:59,1
LF:59
LH:57
BRDA:15,0,0,1
BRDA:21,1,0,2
BRDA:22,2,0,6
BRDA:27,3,0,2
BRDA:31,4,0,1
BRDA:31,5,0,0
BRDA:34,6,0,1
BRDA:44,7,0,1
BRF:8
BRH:7
end_of_record
TN:
SF:src/domain/use-cases/checks/check-services.ts
FN:15,CheckService
FN:21,execute
FNF:2
FNH:2
FNDA:1,CheckService
FNDA:2,execute
DA:1,1
DA:2,1
DA:3,1
DA:4,1
DA:5,1
DA:6,1
DA:7,1
DA:8,1
DA:9,1
DA:10,1
DA:11,1
DA:12,1
DA:13,1
DA:14,1
DA:15,1
DA:16,1
DA:17,1
DA:18,1
DA:19,1
DA:20,1
DA:21,1
DA:22,2
DA:23,2
DA:24,2
DA:25,2
DA:26,0
DA:27,0
DA:28,1
DA:29,1
DA:30,1
DA:31,1
DA:32,1
DA:33,1
DA:34,1
DA:35,2
DA:36,2
DA:37,2
DA:38,2
DA:39,1
DA:40,1
DA:41,1
DA:42,1
DA:43,1
DA:44,1
DA:45,1
DA:46,1
DA:47,1
DA:48,1
DA:49,1
DA:50,1
DA:51,1
DA:52,2
DA:53,1
LF:53
LH:51
BRDA:15,0,0,1
BRDA:21,1,0,2
BRDA:25,2,0,1
BRDA:25,3,0,0
BRDA:28,4,0,1
BRDA:38,5,0,1
BRF:6
BRH:5
end_of_record
TN:
SF:src/domain/use-cases/email/send-email-logs.ts
FN:12,SendEmailLogs
FN:17,execute
FNF:2
FNH:2
FNDA:1,SendEmailLogs
FNDA:2,execute
DA:1,1
DA:2,1
DA:3,1
DA:4,1
DA:5,1
DA:6,1
DA:7,1
DA:8,1
DA:9,1
DA:10,1
DA:11,1
DA:12,1
DA:13,1
DA:14,1
DA:15,1
DA:16,1
DA:17,1
DA:18,2
DA:19,2
DA:20,2
DA:21,2
DA:22,1
DA:23,1
DA:24,1
DA:25,1
DA:26,1
DA:27,1
DA:28,1
DA:29,1
DA:30,1
DA:31,1
DA:32,1
DA:33,1
DA:34,1
DA:35,1
DA:36,1
DA:37,1
DA:38,1
DA:39,1
DA:40,1
DA:41,1
DA:42,1
DA:43,2
DA:44,2
DA:45,1
LF:45
LH:45
BRDA:12,0,0,1
BRDA:17,1,0,2
BRDA:21,2,0,1
BRF:3
BRH:3
end_of_record
TN:
SF:src/infrastructure/datasources/file-system.datasource.ts
FN:14,FileSystemDatasources
FN:18,FileSystemDatasources.createLogsFiles
FN:49,FileSystemDatasources.getLogFromFile
FN:34,saveLog
FN:58,getLogs
FNF:5
FNH:5
FNDA:8,FileSystemDatasources
FNDA:8,FileSystemDatasources.createLogsFiles
FNDA:3,FileSystemDatasources.getLogFromFile
FNDA:6,saveLog
FNDA:4,getLogs
DA:1,1
DA:2,1
DA:3,1
DA:4,1
DA:5,1
DA:6,1
DA:7,1
DA:8,1
DA:9,1
DA:10,1
DA:11,1
DA:12,1
DA:13,1
DA:14,1
DA:15,8
DA:16,8
DA:17,1
DA:18,1
DA:19,8
DA:20,8
DA:21,7
DA:22,7
DA:23,8
DA:24,8
DA:25,8
DA:26,8
DA:27,8
DA:28,8
DA:29,24
DA:30,21
DA:31,8
DA:32,1
DA:33,1
DA:34,1
DA:35,6
DA:36,6
DA:37,6
DA:38,6
DA:39,6
DA:40,6
DA:41,4
DA:42,6
DA:43,2
DA:44,2
DA:45,2
DA:46,2
DA:47,6
DA:48,1
DA:49,1
DA:50,3
DA:51,3
DA:52,3
DA:53,3
DA:54,3
DA:55,3
DA:56,3
DA:57,1
DA:58,1
DA:59,4
DA:60,4
DA:61,4
DA:62,1
DA:63,4
DA:64,4
DA:65,1
DA:66,4
DA:67,4
DA:68,1
DA:69,4
DA:70,4
DA:71,1
DA:72,4
DA:73,4
DA:74,1
DA:75,1
DA:76,1
LF:76
LH:76
BRDA:14,0,0,8
BRDA:18,1,0,8
BRDA:20,2,0,7
BRDA:28,3,0,24
BRDA:29,4,0,3
BRDA:30,5,0,21
BRDA:49,6,0,3
BRDA:51,7,0,0
BRDA:53,8,0,8
BRDA:34,9,0,6
BRDA:40,10,0,2
BRDA:41,11,0,4
BRDA:42,12,0,2
BRDA:58,13,0,4
BRDA:61,14,0,1
BRDA:64,15,0,1
BRDA:67,16,0,1
BRDA:70,17,0,1
BRF:18
BRH:17
end_of_record
TN:
SF:src/infrastructure/datasources/mongo-log.datasource.ts
FN:8,saveLog
FN:12,getLogs
FNF:2
FNH:2
FNDA:2,saveLog
FNDA:1,getLogs
DA:1,1
DA:2,1
DA:3,1
DA:4,1
DA:5,1
DA:6,1
DA:7,1
DA:8,1
DA:9,2
DA:10,2
DA:11,2
DA:12,1
DA:13,1
DA:14,1
DA:15,1
DA:16,1
DA:17,1
DA:18,1
DA:19,1
DA:20,1
DA:21,1
LF:21
LH:21
BRDA:8,0,0,2
BRDA:12,1,0,1
BRF:2
BRH:2
end_of_record
TN:
SF:src/infrastructure/repositories/log.repository.impl.ts
FN:9,LogRepositoryImpl
FN:15,saveLog
FN:19,getLogs
FNF:3
FNH:3
FNDA:1,LogRepositoryImpl
FNDA:1,saveLog
FNDA:1,getLogs
DA:1,1
DA:2,1
DA:3,1
DA:4,1
DA:5,1
DA:6,1
DA:7,1
DA:8,1
DA:9,1
DA:10,1
DA:11,1
DA:12,1
DA:13,1
DA:14,1
DA:15,1
DA:16,1
DA:17,1
DA:18,1
DA:19,1
DA:20,1
DA:21,1
DA:22,1
DA:23,1
LF:23
LH:23
BRDA:9,0,0,1
BRDA:15,1,0,1
BRDA:19,2,0,1
BRF:3
BRH:3
end_of_record
TN:
SF:src/presentation/cron/cron-service.ts
FN:9,createJob
FNF:1
FNH:1
FNDA:1,createJob
DA:1,1
DA:2,1
DA:3,1
DA:4,1
DA:5,1
DA:6,1
DA:7,1
DA:8,1
DA:9,1
DA:10,1
DA:11,1
DA:12,1
DA:13,1
DA:14,1
DA:15,1
DA:16,1
DA:17,1
LF:17
LH:17
BRDA:9,0,0,1
BRF:1
BRH:1
end_of_record
TN:
SF:src/presentation/email/email.service.ts
FN:30,EmailService
FN:33,sendEmail
FN:54,sendEmailWithFilesSystemLogs
FNF:3
FNH:3
FNDA:1,EmailService
FNDA:2,sendEmail
FNDA:1,sendEmailWithFilesSystemLogs
DA:1,1
DA:2,1
DA:3,1
DA:4,1
DA:5,1
DA:6,1
DA:7,1
DA:8,1
DA:9,1
DA:10,1
DA:11,1
DA:12,1
DA:13,1
DA:14,1
DA:15,1
DA:16,1
DA:17,1
DA:18,1
DA:19,1
DA:20,1
DA:21,1
DA:22,1
DA:23,1
DA:24,1
DA:25,1
DA:26,1
DA:27,1
DA:28,1
DA:29,1
DA:30,1
DA:31,1
DA:32,1
DA:33,1
DA:34,2
DA:35,2
DA:36,2
DA:37,2
DA:38,2
DA:39,2
DA:40,2
DA:41,2
DA:42,2
DA:43,2
DA:44,2
DA:45,2
DA:46,2
DA:47,2
DA:48,0
DA:49,0
DA:50,0
DA:51,2
DA:52,1
DA:53,1
DA:54,1
DA:55,1
DA:56,1
DA:57,1
DA:58,1
DA:59,1
DA:60,1
DA:61,1
DA:62,1
DA:63,1
DA:64,1
DA:65,1
DA:66,1
DA:67,1
DA:68,1
DA:69,1
DA:70,1
DA:71,1
DA:72,1
DA:73,1
DA:74,1
DA:75,1
DA:76,1
DA:77,1
DA:78,1
DA:79,1
DA:80,1
DA:81,1
DA:82,1
LF:82
LH:79
BRDA:30,0,0,1
BRDA:33,1,0,2
BRDA:47,2,0,0
BRDA:54,3,0,1
BRF:4
BRH:3
end_of_record
