{"/Users/diegovidelasilva/DAVS_Academy/DAVS_Cursos/Udemy/NodeJS_FH/DAVS_Curso_NodeJS/02_3_Bases_TS_Test/src/js-foundation/01-template.ts": {"path":"/Users/diegovidelasilva/DAVS_Academy/DAVS_Cursos/Udemy/NodeJS_FH/DAVS_Curso_NodeJS/02_3_Bases_TS_Test/src/js-foundation/01-template.ts","all":false,"statementMap":{"0":{"start":{"line":1,"column":0},"end":{"line":1,"column":31}},"1":{"start":{"line":2,"column":0},"end":{"line":2,"column":5}},"2":{"start":{"line":3,"column":0},"end":{"line":3,"column":27}},"3":{"start":{"line":4,"column":0},"end":{"line":4,"column":31}},"4":{"start":{"line":5,"column":0},"end":{"line":5,"column":32}},"5":{"start":{"line":6,"column":0},"end":{"line":6,"column":6}},"6":{"start":{"line":7,"column":0},"end":{"line":7,"column":2}}},"s":{"0":1,"1":1,"2":1,"3":1,"4":1,"5":1,"6":1},"branchMap":{},"b":{},"fnMap":{},"f":{}}
,"/Users/diegovidelasilva/DAVS_Academy/DAVS_Cursos/Udemy/NodeJS_FH/DAVS_Curso_NodeJS/02_3_Bases_TS_Test/src/js-foundation/02-destructuring.ts": {"path":"/Users/diegovidelasilva/DAVS_Academy/DAVS_Cursos/Udemy/NodeJS_FH/DAVS_Curso_NodeJS/02_3_Bases_TS_Test/src/js-foundation/02-destructuring.ts","all":false,"statementMap":{"0":{"start":{"line":1,"column":0},"end":{"line":1,"column":28}},"1":{"start":{"line":2,"column":0},"end":{"line":2,"column":0}},"2":{"start":{"line":3,"column":0},"end":{"line":3,"column":48}},"3":{"start":{"line":4,"column":0},"end":{"line":4,"column":0}},"4":{"start":{"line":5,"column":0},"end":{"line":5,"column":38}},"5":{"start":{"line":6,"column":0},"end":{"line":6,"column":0}},"6":{"start":{"line":7,"column":0},"end":{"line":7,"column":42}},"7":{"start":{"line":8,"column":0},"end":{"line":8,"column":0}},"8":{"start":{"line":9,"column":0},"end":{"line":9,"column":74}},"9":{"start":{"line":10,"column":0},"end":{"line":10,"column":0}},"10":{"start":{"line":11,"column":0},"end":{"line":11,"column":33}}},"s":{"0":1,"1":1,"2":1,"3":1,"4":1,"5":1,"6":1,"7":1,"8":1,"9":1,"10":1},"branchMap":{},"b":{},"fnMap":{},"f":{}}
,"/Users/diegovidelasilva/DAVS_Academy/DAVS_Cursos/Udemy/NodeJS_FH/DAVS_Curso_NodeJS/02_3_Bases_TS_Test/src/js-foundation/03-callbacks.ts": {"path":"/Users/diegovidelasilva/DAVS_Academy/DAVS_Cursos/Udemy/NodeJS_FH/DAVS_Curso_NodeJS/02_3_Bases_TS_Test/src/js-foundation/03-callbacks.ts","all":false,"statementMap":{"0":{"start":{"line":1,"column":0},"end":{"line":1,"column":16}},"1":{"start":{"line":2,"column":0},"end":{"line":2,"column":15}},"2":{"start":{"line":3,"column":0},"end":{"line":3,"column":17}},"3":{"start":{"line":4,"column":0},"end":{"line":4,"column":1}},"4":{"start":{"line":5,"column":0},"end":{"line":5,"column":0}},"5":{"start":{"line":6,"column":0},"end":{"line":6,"column":0}},"6":{"start":{"line":7,"column":0},"end":{"line":7,"column":23}},"7":{"start":{"line":8,"column":0},"end":{"line":8,"column":5}},"8":{"start":{"line":9,"column":0},"end":{"line":9,"column":14}},"9":{"start":{"line":10,"column":0},"end":{"line":10,"column":29}},"10":{"start":{"line":11,"column":0},"end":{"line":11,"column":6}},"11":{"start":{"line":12,"column":0},"end":{"line":12,"column":5}},"12":{"start":{"line":13,"column":0},"end":{"line":13,"column":14}},"13":{"start":{"line":14,"column":0},"end":{"line":14,"column":31}},"14":{"start":{"line":15,"column":0},"end":{"line":15,"column":5}},"15":{"start":{"line":16,"column":0},"end":{"line":16,"column":1}},"16":{"start":{"line":17,"column":0},"end":{"line":17,"column":0}},"17":{"start":{"line":18,"column":0},"end":{"line":18,"column":12}},"18":{"start":{"line":19,"column":0},"end":{"line":19,"column":0}},"19":{"start":{"line":20,"column":0},"end":{"line":20,"column":90}},"20":{"start":{"line":21,"column":0},"end":{"line":21,"column":44}},"21":{"start":{"line":22,"column":0},"end":{"line":22,"column":30}},"22":{"start":{"line":23,"column":0},"end":{"line":23,"column":9}},"23":{"start":{"line":24,"column":0},"end":{"line":24,"column":14}},"24":{"start":{"line":25,"column":0},"end":{"line":25,"column":65}},"25":{"start":{"line":26,"column":0},"end":{"line":26,"column":5}},"26":{"start":{"line":27,"column":0},"end":{"line":27,"column":0}},"27":{"start":{"line":28,"column":0},"end":{"line":28,"column":37}},"28":{"start":{"line":29,"column":0},"end":{"line":29,"column":1}}},"s":{"0":1,"1":1,"2":1,"3":1,"4":1,"5":1,"6":1,"7":1,"8":1,"9":1,"10":1,"11":1,"12":1,"13":1,"14":1,"15":1,"16":1,"17":1,"18":1,"19":2,"20":2,"21":3,"22":2,"23":2,"24":1,"25":1,"26":1,"27":1,"28":1},"branchMap":{"0":{"type":"branch","line":20,"loc":{"start":{"line":20,"column":0},"end":{"line":29,"column":1}},"locations":[{"start":{"line":20,"column":0},"end":{"line":29,"column":1}}]},"1":{"type":"branch","line":24,"loc":{"start":{"line":24,"column":13},"end":{"line":29,"column":1}},"locations":[{"start":{"line":24,"column":13},"end":{"line":29,"column":1}}]},"2":{"type":"branch","line":21,"loc":{"start":{"line":21,"column":29},"end":{"line":23,"column":5}},"locations":[{"start":{"line":21,"column":29},"end":{"line":23,"column":5}}]}},"b":{"0":[2],"1":[1],"2":[3]},"fnMap":{"0":{"name":"getUserById","decl":{"start":{"line":20,"column":0},"end":{"line":29,"column":1}},"loc":{"start":{"line":20,"column":0},"end":{"line":29,"column":1}},"line":20}},"f":{"0":2}}
,"/Users/diegovidelasilva/DAVS_Academy/DAVS_Cursos/Udemy/NodeJS_FH/DAVS_Curso_NodeJS/02_3_Bases_TS_Test/src/js-foundation/04-arrow_function.ts": {"path":"/Users/diegovidelasilva/DAVS_Academy/DAVS_Cursos/Udemy/NodeJS_FH/DAVS_Curso_NodeJS/02_3_Bases_TS_Test/src/js-foundation/04-arrow_function.ts","all":false,"statementMap":{"0":{"start":{"line":1,"column":0},"end":{"line":1,"column":16}},"1":{"start":{"line":2,"column":0},"end":{"line":2,"column":15}},"2":{"start":{"line":3,"column":0},"end":{"line":3,"column":17}},"3":{"start":{"line":4,"column":0},"end":{"line":4,"column":1}},"4":{"start":{"line":5,"column":0},"end":{"line":5,"column":0}},"5":{"start":{"line":6,"column":0},"end":{"line":6,"column":0}},"6":{"start":{"line":7,"column":0},"end":{"line":7,"column":23}},"7":{"start":{"line":8,"column":0},"end":{"line":8,"column":5}},"8":{"start":{"line":9,"column":0},"end":{"line":9,"column":14}},"9":{"start":{"line":10,"column":0},"end":{"line":10,"column":29}},"10":{"start":{"line":11,"column":0},"end":{"line":11,"column":6}},"11":{"start":{"line":12,"column":0},"end":{"line":12,"column":5}},"12":{"start":{"line":13,"column":0},"end":{"line":13,"column":14}},"13":{"start":{"line":14,"column":0},"end":{"line":14,"column":31}},"14":{"start":{"line":15,"column":0},"end":{"line":15,"column":5}},"15":{"start":{"line":16,"column":0},"end":{"line":16,"column":1}},"16":{"start":{"line":17,"column":0},"end":{"line":17,"column":0}},"17":{"start":{"line":18,"column":0},"end":{"line":18,"column":0}},"18":{"start":{"line":19,"column":0},"end":{"line":19,"column":90}},"19":{"start":{"line":20,"column":0},"end":{"line":20,"column":40}},"20":{"start":{"line":21,"column":0},"end":{"line":21,"column":30}},"21":{"start":{"line":22,"column":0},"end":{"line":22,"column":8}},"22":{"start":{"line":23,"column":0},"end":{"line":23,"column":14}},"23":{"start":{"line":24,"column":0},"end":{"line":24,"column":65}},"24":{"start":{"line":25,"column":0},"end":{"line":25,"column":5}},"25":{"start":{"line":26,"column":0},"end":{"line":26,"column":37}},"26":{"start":{"line":27,"column":0},"end":{"line":27,"column":2}}},"s":{"0":1,"1":1,"2":1,"3":1,"4":1,"5":1,"6":1,"7":1,"8":1,"9":1,"10":1,"11":1,"12":1,"13":1,"14":1,"15":1,"16":1,"17":1,"18":2,"19":2,"20":4,"21":2,"22":2,"23":1,"24":1,"25":1,"26":1},"branchMap":{"0":{"type":"branch","line":19,"loc":{"start":{"line":19,"column":0},"end":{"line":27,"column":2}},"locations":[{"start":{"line":19,"column":0},"end":{"line":27,"column":2}}]},"1":{"type":"branch","line":23,"loc":{"start":{"line":23,"column":13},"end":{"line":27,"column":2}},"locations":[{"start":{"line":23,"column":13},"end":{"line":27,"column":2}}]},"2":{"type":"branch","line":20,"loc":{"start":{"line":20,"column":29},"end":{"line":22,"column":5}},"locations":[{"start":{"line":20,"column":29},"end":{"line":22,"column":5}}]}},"b":{"0":[2],"1":[1],"2":[4]},"fnMap":{"0":{"name":"getUserById","decl":{"start":{"line":19,"column":0},"end":{"line":27,"column":2}},"loc":{"start":{"line":19,"column":0},"end":{"line":27,"column":2}},"line":19}},"f":{"0":2}}
,"/Users/diegovidelasilva/DAVS_Academy/DAVS_Cursos/Udemy/NodeJS_FH/DAVS_Curso_NodeJS/02_3_Bases_TS_Test/src/js-foundation/05-factory.ts": {"path":"/Users/diegovidelasilva/DAVS_Academy/DAVS_Cursos/Udemy/NodeJS_FH/DAVS_Curso_NodeJS/02_3_Bases_TS_Test/src/js-foundation/05-factory.ts","all":false,"statementMap":{"0":{"start":{"line":1,"column":0},"end":{"line":1,"column":56}},"1":{"start":{"line":2,"column":0},"end":{"line":2,"column":0}},"2":{"start":{"line":3,"column":0},"end":{"line":3,"column":34}},"3":{"start":{"line":4,"column":0},"end":{"line":4,"column":26}},"4":{"start":{"line":5,"column":0},"end":{"line":5,"column":41}},"5":{"start":{"line":6,"column":0},"end":{"line":6,"column":1}},"6":{"start":{"line":7,"column":0},"end":{"line":7,"column":0}},"7":{"start":{"line":8,"column":0},"end":{"line":8,"column":25}},"8":{"start":{"line":9,"column":0},"end":{"line":9,"column":17}},"9":{"start":{"line":10,"column":0},"end":{"line":10,"column":22}},"10":{"start":{"line":11,"column":0},"end":{"line":11,"column":1}},"11":{"start":{"line":12,"column":0},"end":{"line":12,"column":0}},"12":{"start":{"line":13,"column":0},"end":{"line":13,"column":0}},"13":{"start":{"line":14,"column":0},"end":{"line":14,"column":81}},"14":{"start":{"line":15,"column":0},"end":{"line":15,"column":0}},"15":{"start":{"line":16,"column":0},"end":{"line":16,"column":53}},"16":{"start":{"line":17,"column":0},"end":{"line":17,"column":0}},"17":{"start":{"line":18,"column":0},"end":{"line":18,"column":16}},"18":{"start":{"line":19,"column":0},"end":{"line":19,"column":26}},"19":{"start":{"line":20,"column":0},"end":{"line":20,"column":23}},"20":{"start":{"line":21,"column":0},"end":{"line":21,"column":33}},"21":{"start":{"line":22,"column":0},"end":{"line":22,"column":34}},"22":{"start":{"line":23,"column":0},"end":{"line":23,"column":9}},"23":{"start":{"line":24,"column":0},"end":{"line":24,"column":5}},"24":{"start":{"line":25,"column":0},"end":{"line":25,"column":1}}},"s":{"0":1,"1":1,"2":1,"3":1,"4":1,"5":1,"6":1,"7":1,"8":1,"9":1,"10":1,"11":1,"12":1,"13":1,"14":2,"15":2,"16":1,"17":1,"18":1,"19":1,"20":1,"21":1,"22":1,"23":1,"24":2},"branchMap":{"0":{"type":"branch","line":14,"loc":{"start":{"line":14,"column":31},"end":{"line":25,"column":1}},"locations":[{"start":{"line":14,"column":31},"end":{"line":25,"column":1}}]},"1":{"type":"branch","line":16,"loc":{"start":{"line":16,"column":12},"end":{"line":24,"column":5}},"locations":[{"start":{"line":16,"column":12},"end":{"line":24,"column":5}}]}},"b":{"0":[2],"1":[1]},"fnMap":{"0":{"name":"buildMakePerson","decl":{"start":{"line":14,"column":31},"end":{"line":25,"column":1}},"loc":{"start":{"line":14,"column":31},"end":{"line":25,"column":1}},"line":14}},"f":{"0":2}}
,"/Users/diegovidelasilva/DAVS_Academy/DAVS_Cursos/Udemy/NodeJS_FH/DAVS_Curso_NodeJS/02_3_Bases_TS_Test/src/js-foundation/06-promises.ts": {"path":"/Users/diegovidelasilva/DAVS_Academy/DAVS_Cursos/Udemy/NodeJS_FH/DAVS_Curso_NodeJS/02_3_Bases_TS_Test/src/js-foundation/06-promises.ts","all":false,"statementMap":{"0":{"start":{"line":1,"column":0},"end":{"line":1,"column":44}},"1":{"start":{"line":2,"column":0},"end":{"line":2,"column":0}},"2":{"start":{"line":3,"column":0},"end":{"line":3,"column":0}},"3":{"start":{"line":4,"column":0},"end":{"line":4,"column":80}},"4":{"start":{"line":5,"column":0},"end":{"line":5,"column":0}},"5":{"start":{"line":6,"column":0},"end":{"line":6,"column":60}},"6":{"start":{"line":7,"column":0},"end":{"line":7,"column":0}},"7":{"start":{"line":8,"column":0},"end":{"line":8,"column":21}},"8":{"start":{"line":9,"column":0},"end":{"line":9,"column":45}},"9":{"start":{"line":10,"column":0},"end":{"line":10,"column":63}},"10":{"start":{"line":11,"column":0},"end":{"line":11,"column":40}},"11":{"start":{"line":12,"column":0},"end":{"line":12,"column":13}},"12":{"start":{"line":13,"column":0},"end":{"line":13,"column":1}}},"s":{"0":1,"1":1,"2":1,"3":1,"4":1,"5":1,"6":1,"7":1,"8":1,"9":1,"10":1,"11":1,"12":1},"branchMap":{"0":{"type":"branch","line":4,"loc":{"start":{"line":4,"column":38},"end":{"line":13,"column":1}},"locations":[{"start":{"line":4,"column":38},"end":{"line":13,"column":1}}]},"1":{"type":"branch","line":9,"loc":{"start":{"line":9,"column":15},"end":{"line":9,"column":44}},"locations":[{"start":{"line":9,"column":15},"end":{"line":9,"column":44}}]},"2":{"type":"branch","line":11,"loc":{"start":{"line":11,"column":14},"end":{"line":11,"column":39}},"locations":[{"start":{"line":11,"column":14},"end":{"line":11,"column":39}}]}},"b":{"0":[1],"1":[1],"2":[1]},"fnMap":{"0":{"name":"getPokemonNamePromises","decl":{"start":{"line":4,"column":38},"end":{"line":13,"column":1}},"loc":{"start":{"line":4,"column":38},"end":{"line":13,"column":1}},"line":4}},"f":{"0":1}}
,"/Users/diegovidelasilva/DAVS_Academy/DAVS_Cursos/Udemy/NodeJS_FH/DAVS_Curso_NodeJS/02_3_Bases_TS_Test/src/js-foundation/07-async_await.ts": {"path":"/Users/diegovidelasilva/DAVS_Academy/DAVS_Cursos/Udemy/NodeJS_FH/DAVS_Curso_NodeJS/02_3_Bases_TS_Test/src/js-foundation/07-async_await.ts","all":false,"statementMap":{"0":{"start":{"line":1,"column":0},"end":{"line":1,"column":44}},"1":{"start":{"line":2,"column":0},"end":{"line":2,"column":0}},"2":{"start":{"line":3,"column":0},"end":{"line":3,"column":88}},"3":{"start":{"line":4,"column":0},"end":{"line":4,"column":0}},"4":{"start":{"line":5,"column":0},"end":{"line":5,"column":9}},"5":{"start":{"line":6,"column":0},"end":{"line":6,"column":64}},"6":{"start":{"line":7,"column":0},"end":{"line":7,"column":44}},"7":{"start":{"line":8,"column":0},"end":{"line":8,"column":45}},"8":{"start":{"line":9,"column":0},"end":{"line":9,"column":28}},"9":{"start":{"line":10,"column":0},"end":{"line":10,"column":20}},"10":{"start":{"line":11,"column":0},"end":{"line":11,"column":48}},"11":{"start":{"line":12,"column":0},"end":{"line":12,"column":5}},"12":{"start":{"line":13,"column":0},"end":{"line":13,"column":13}},"13":{"start":{"line":14,"column":0},"end":{"line":14,"column":1}}},"s":{"0":1,"1":1,"2":1,"3":2,"4":2,"5":2,"6":2,"7":2,"8":1,"9":1,"10":1,"11":1,"12":2,"13":2},"branchMap":{"0":{"type":"branch","line":3,"loc":{"start":{"line":3,"column":40},"end":{"line":14,"column":1}},"locations":[{"start":{"line":3,"column":40},"end":{"line":14,"column":1}}]},"1":{"type":"branch","line":3,"loc":{"start":{"line":3,"column":86},"end":{"line":14,"column":1}},"locations":[{"start":{"line":3,"column":86},"end":{"line":14,"column":1}}]},"2":{"type":"branch","line":9,"loc":{"start":{"line":9,"column":-1},"end":{"line":12,"column":5}},"locations":[{"start":{"line":9,"column":-1},"end":{"line":12,"column":5}}]}},"b":{"0":[2],"1":[2],"2":[1]},"fnMap":{"0":{"name":"getPokemonNameAsyncAwait","decl":{"start":{"line":3,"column":40},"end":{"line":14,"column":1}},"loc":{"start":{"line":3,"column":40},"end":{"line":14,"column":1}},"line":3}},"f":{"0":2}}
,"/Users/diegovidelasilva/DAVS_Academy/DAVS_Cursos/Udemy/NodeJS_FH/DAVS_Curso_NodeJS/02_3_Bases_TS_Test/src/js-foundation/08-FetchAPI.ts": {"path":"/Users/diegovidelasilva/DAVS_Academy/DAVS_Cursos/Udemy/NodeJS_FH/DAVS_Curso_NodeJS/02_3_Bases_TS_Test/src/js-foundation/08-FetchAPI.ts","all":false,"statementMap":{"0":{"start":{"line":1,"column":0},"end":{"line":1,"column":44}},"1":{"start":{"line":2,"column":0},"end":{"line":2,"column":0}},"2":{"start":{"line":3,"column":0},"end":{"line":3,"column":0}},"3":{"start":{"line":4,"column":0},"end":{"line":4,"column":83}},"4":{"start":{"line":5,"column":0},"end":{"line":5,"column":0}},"5":{"start":{"line":6,"column":0},"end":{"line":6,"column":8}},"6":{"start":{"line":7,"column":0},"end":{"line":7,"column":64}},"7":{"start":{"line":8,"column":0},"end":{"line":8,"column":49}},"8":{"start":{"line":9,"column":0},"end":{"line":9,"column":28}},"9":{"start":{"line":10,"column":0},"end":{"line":10,"column":19}},"10":{"start":{"line":11,"column":0},"end":{"line":11,"column":48}},"11":{"start":{"line":12,"column":0},"end":{"line":12,"column":18}},"12":{"start":{"line":13,"column":0},"end":{"line":13,"column":1}}},"s":{"0":1,"1":1,"2":1,"3":1,"4":2,"5":2,"6":2,"7":2,"8":1,"9":1,"10":1,"11":2,"12":2},"branchMap":{"0":{"type":"branch","line":4,"loc":{"start":{"line":4,"column":35},"end":{"line":13,"column":1}},"locations":[{"start":{"line":4,"column":35},"end":{"line":13,"column":1}}]},"1":{"type":"branch","line":4,"loc":{"start":{"line":4,"column":81},"end":{"line":13,"column":1}},"locations":[{"start":{"line":4,"column":81},"end":{"line":13,"column":1}}]},"2":{"type":"branch","line":9,"loc":{"start":{"line":9,"column":-1},"end":{"line":12,"column":5}},"locations":[{"start":{"line":9,"column":-1},"end":{"line":12,"column":5}}]}},"b":{"0":[2],"1":[2],"2":[1]},"fnMap":{"0":{"name":"getPokemonNameFetch","decl":{"start":{"line":4,"column":35},"end":{"line":13,"column":1}},"loc":{"start":{"line":4,"column":35},"end":{"line":13,"column":1}},"line":4}},"f":{"0":2}}
,"/Users/diegovidelasilva/DAVS_Academy/DAVS_Cursos/Udemy/NodeJS_FH/DAVS_Curso_NodeJS/02_3_Bases_TS_Test/src/js-foundation/09-axios.ts": {"path":"/Users/diegovidelasilva/DAVS_Academy/DAVS_Cursos/Udemy/NodeJS_FH/DAVS_Curso_NodeJS/02_3_Bases_TS_Test/src/js-foundation/09-axios.ts","all":false,"statementMap":{"0":{"start":{"line":1,"column":0},"end":{"line":1,"column":49}},"1":{"start":{"line":2,"column":0},"end":{"line":2,"column":0}},"2":{"start":{"line":3,"column":0},"end":{"line":3,"column":0}},"3":{"start":{"line":4,"column":0},"end":{"line":4,"column":83}},"4":{"start":{"line":5,"column":0},"end":{"line":5,"column":0}},"5":{"start":{"line":6,"column":0},"end":{"line":6,"column":8}},"6":{"start":{"line":7,"column":0},"end":{"line":7,"column":64}},"7":{"start":{"line":8,"column":0},"end":{"line":8,"column":57}},"8":{"start":{"line":9,"column":0},"end":{"line":9,"column":28}},"9":{"start":{"line":10,"column":0},"end":{"line":10,"column":19}},"10":{"start":{"line":11,"column":0},"end":{"line":11,"column":54}},"11":{"start":{"line":12,"column":0},"end":{"line":12,"column":18}},"12":{"start":{"line":13,"column":0},"end":{"line":13,"column":1}}},"s":{"0":1,"1":1,"2":1,"3":1,"4":2,"5":2,"6":2,"7":2,"8":1,"9":1,"10":1,"11":2,"12":2},"branchMap":{"0":{"type":"branch","line":4,"loc":{"start":{"line":4,"column":35},"end":{"line":13,"column":1}},"locations":[{"start":{"line":4,"column":35},"end":{"line":13,"column":1}}]},"1":{"type":"branch","line":4,"loc":{"start":{"line":4,"column":81},"end":{"line":13,"column":1}},"locations":[{"start":{"line":4,"column":81},"end":{"line":13,"column":1}}]},"2":{"type":"branch","line":8,"loc":{"start":{"line":8,"column":54},"end":{"line":12,"column":5}},"locations":[{"start":{"line":8,"column":54},"end":{"line":12,"column":5}}]}},"b":{"0":[2],"1":[2],"2":[1]},"fnMap":{"0":{"name":"getPokemonNameAxios","decl":{"start":{"line":4,"column":35},"end":{"line":13,"column":1}},"loc":{"start":{"line":4,"column":35},"end":{"line":13,"column":1}},"line":4}},"f":{"0":2}}
,"/Users/diegovidelasilva/DAVS_Academy/DAVS_Cursos/Udemy/NodeJS_FH/DAVS_Curso_NodeJS/02_3_Bases_TS_Test/src/plugins/get-age.plugin.ts": {"path":"/Users/diegovidelasilva/DAVS_Academy/DAVS_Cursos/Udemy/NodeJS_FH/DAVS_Curso_NodeJS/02_3_Bases_TS_Test/src/plugins/get-age.plugin.ts","all":false,"statementMap":{"0":{"start":{"line":1,"column":0},"end":{"line":1,"column":41}},"1":{"start":{"line":2,"column":0},"end":{"line":2,"column":0}},"2":{"start":{"line":3,"column":0},"end":{"line":3,"column":46}},"3":{"start":{"line":4,"column":0},"end":{"line":4,"column":0}},"4":{"start":{"line":5,"column":0},"end":{"line":5,"column":37}},"5":{"start":{"line":6,"column":0},"end":{"line":6,"column":0}},"6":{"start":{"line":7,"column":0},"end":{"line":7,"column":61}},"7":{"start":{"line":8,"column":0},"end":{"line":8,"column":0}},"8":{"start":{"line":9,"column":0},"end":{"line":9,"column":4}},"9":{"start":{"line":10,"column":0},"end":{"line":10,"column":72}},"10":{"start":{"line":11,"column":0},"end":{"line":11,"column":1}}},"s":{"0":1,"1":1,"2":1,"3":3,"4":3,"5":3,"6":3,"7":3,"8":3,"9":3,"10":3},"branchMap":{"0":{"type":"branch","line":3,"loc":{"start":{"line":3,"column":22},"end":{"line":11,"column":1}},"locations":[{"start":{"line":3,"column":22},"end":{"line":11,"column":1}}]}},"b":{"0":[3]},"fnMap":{"0":{"name":"getAge","decl":{"start":{"line":3,"column":22},"end":{"line":11,"column":1}},"loc":{"start":{"line":3,"column":22},"end":{"line":11,"column":1}},"line":3}},"f":{"0":3}}
,"/Users/diegovidelasilva/DAVS_Academy/DAVS_Cursos/Udemy/NodeJS_FH/DAVS_Curso_NodeJS/02_3_Bases_TS_Test/src/plugins/get-id.plugin.ts": {"path":"/Users/diegovidelasilva/DAVS_Academy/DAVS_Cursos/Udemy/NodeJS_FH/DAVS_Curso_NodeJS/02_3_Bases_TS_Test/src/plugins/get-id.plugin.ts","all":false,"statementMap":{"0":{"start":{"line":1,"column":0},"end":{"line":1,"column":33}},"1":{"start":{"line":2,"column":0},"end":{"line":2,"column":0}},"2":{"start":{"line":3,"column":0},"end":{"line":3,"column":30}},"3":{"start":{"line":4,"column":0},"end":{"line":4,"column":20}},"4":{"start":{"line":5,"column":0},"end":{"line":5,"column":1}}},"s":{"0":1,"1":1,"2":1,"3":1,"4":1},"branchMap":{"0":{"type":"branch","line":3,"loc":{"start":{"line":3,"column":23},"end":{"line":5,"column":1}},"locations":[{"start":{"line":3,"column":23},"end":{"line":5,"column":1}}]}},"b":{"0":[1]},"fnMap":{"0":{"name":"getUUID","decl":{"start":{"line":3,"column":23},"end":{"line":5,"column":1}},"loc":{"start":{"line":3,"column":23},"end":{"line":5,"column":1}},"line":3}},"f":{"0":1}}
,"/Users/diegovidelasilva/DAVS_Academy/DAVS_Cursos/Udemy/NodeJS_FH/DAVS_Curso_NodeJS/02_3_Bases_TS_Test/src/plugins/http-client-axios.plugin.ts": {"path":"/Users/diegovidelasilva/DAVS_Academy/DAVS_Cursos/Udemy/NodeJS_FH/DAVS_Curso_NodeJS/02_3_Bases_TS_Test/src/plugins/http-client-axios.plugin.ts","all":false,"statementMap":{"0":{"start":{"line":1,"column":0},"end":{"line":1,"column":0}},"1":{"start":{"line":2,"column":0},"end":{"line":2,"column":26}},"2":{"start":{"line":3,"column":0},"end":{"line":3,"column":0}},"3":{"start":{"line":4,"column":0},"end":{"line":4,"column":38}},"4":{"start":{"line":5,"column":0},"end":{"line":5,"column":0}},"5":{"start":{"line":6,"column":0},"end":{"line":6,"column":32}},"6":{"start":{"line":7,"column":0},"end":{"line":7,"column":46}},"7":{"start":{"line":8,"column":0},"end":{"line":8,"column":27}},"8":{"start":{"line":9,"column":0},"end":{"line":9,"column":19}},"9":{"start":{"line":10,"column":0},"end":{"line":10,"column":6}},"10":{"start":{"line":11,"column":0},"end":{"line":11,"column":0}},"11":{"start":{"line":12,"column":0},"end":{"line":12,"column":46}},"12":{"start":{"line":13,"column":0},"end":{"line":13,"column":45}},"13":{"start":{"line":14,"column":0},"end":{"line":14,"column":48}},"14":{"start":{"line":15,"column":0},"end":{"line":15,"column":0}},"15":{"start":{"line":16,"column":0},"end":{"line":16,"column":2}}},"s":{"0":1,"1":1,"2":1,"3":1,"4":1,"5":1,"6":1,"7":1,"8":1,"9":1,"10":1,"11":1,"12":1,"13":1,"14":1,"15":1},"branchMap":{"0":{"type":"branch","line":6,"loc":{"start":{"line":6,"column":9},"end":{"line":10,"column":6}},"locations":[{"start":{"line":6,"column":9},"end":{"line":10,"column":6}}]},"1":{"type":"branch","line":6,"loc":{"start":{"line":6,"column":30},"end":{"line":10,"column":5}},"locations":[{"start":{"line":6,"column":30},"end":{"line":10,"column":5}}]}},"b":{"0":[1],"1":[1]},"fnMap":{"0":{"name":"get","decl":{"start":{"line":6,"column":9},"end":{"line":10,"column":6}},"loc":{"start":{"line":6,"column":9},"end":{"line":10,"column":6}},"line":6},"1":{"name":"post","decl":{"start":{"line":12,"column":10},"end":{"line":12,"column":46}},"loc":{"start":{"line":12,"column":10},"end":{"line":12,"column":46}},"line":12},"2":{"name":"put","decl":{"start":{"line":13,"column":9},"end":{"line":13,"column":45}},"loc":{"start":{"line":13,"column":9},"end":{"line":13,"column":45}},"line":13},"3":{"name":"delete","decl":{"start":{"line":14,"column":12},"end":{"line":14,"column":48}},"loc":{"start":{"line":14,"column":12},"end":{"line":14,"column":48}},"line":14}},"f":{"0":1,"1":0,"2":0,"3":0}}
,"/Users/diegovidelasilva/DAVS_Academy/DAVS_Cursos/Udemy/NodeJS_FH/DAVS_Curso_NodeJS/02_3_Bases_TS_Test/src/plugins/http-client.plugin.ts": {"path":"/Users/diegovidelasilva/DAVS_Academy/DAVS_Cursos/Udemy/NodeJS_FH/DAVS_Curso_NodeJS/02_3_Bases_TS_Test/src/plugins/http-client.plugin.ts","all":false,"statementMap":{"0":{"start":{"line":1,"column":0},"end":{"line":1,"column":0}},"1":{"start":{"line":2,"column":0},"end":{"line":2,"column":29}},"2":{"start":{"line":3,"column":0},"end":{"line":3,"column":0}},"3":{"start":{"line":4,"column":0},"end":{"line":4,"column":33}},"4":{"start":{"line":5,"column":0},"end":{"line":5,"column":0}},"5":{"start":{"line":6,"column":0},"end":{"line":6,"column":32}},"6":{"start":{"line":7,"column":0},"end":{"line":7,"column":44}},"7":{"start":{"line":8,"column":0},"end":{"line":8,"column":37}},"8":{"start":{"line":9,"column":0},"end":{"line":9,"column":6}},"9":{"start":{"line":10,"column":0},"end":{"line":10,"column":0}},"10":{"start":{"line":11,"column":0},"end":{"line":11,"column":44}},"11":{"start":{"line":12,"column":0},"end":{"line":12,"column":43}},"12":{"start":{"line":13,"column":0},"end":{"line":13,"column":6}},"13":{"start":{"line":14,"column":0},"end":{"line":14,"column":43}},"14":{"start":{"line":15,"column":0},"end":{"line":15,"column":43}},"15":{"start":{"line":16,"column":0},"end":{"line":16,"column":6}},"16":{"start":{"line":17,"column":0},"end":{"line":17,"column":46}},"17":{"start":{"line":18,"column":0},"end":{"line":18,"column":43}},"18":{"start":{"line":19,"column":0},"end":{"line":19,"column":6}},"19":{"start":{"line":20,"column":0},"end":{"line":20,"column":0}},"20":{"start":{"line":21,"column":0},"end":{"line":21,"column":2}}},"s":{"0":1,"1":1,"2":1,"3":1,"4":1,"5":1,"6":1,"7":1,"8":1,"9":1,"10":1,"11":0,"12":0,"13":1,"14":0,"15":0,"16":1,"17":0,"18":0,"19":1,"20":1},"branchMap":{"0":{"type":"branch","line":6,"loc":{"start":{"line":6,"column":9},"end":{"line":9,"column":6}},"locations":[{"start":{"line":6,"column":9},"end":{"line":9,"column":6}}]},"1":{"type":"branch","line":6,"loc":{"start":{"line":6,"column":30},"end":{"line":9,"column":5}},"locations":[{"start":{"line":6,"column":30},"end":{"line":9,"column":5}}]}},"b":{"0":[1],"1":[1]},"fnMap":{"0":{"name":"get","decl":{"start":{"line":6,"column":9},"end":{"line":9,"column":6}},"loc":{"start":{"line":6,"column":9},"end":{"line":9,"column":6}},"line":6},"1":{"name":"post","decl":{"start":{"line":11,"column":10},"end":{"line":13,"column":6}},"loc":{"start":{"line":11,"column":10},"end":{"line":13,"column":6}},"line":11},"2":{"name":"put","decl":{"start":{"line":14,"column":9},"end":{"line":16,"column":6}},"loc":{"start":{"line":14,"column":9},"end":{"line":16,"column":6}},"line":14},"3":{"name":"delete","decl":{"start":{"line":17,"column":12},"end":{"line":19,"column":6}},"loc":{"start":{"line":17,"column":12},"end":{"line":19,"column":6}},"line":17}},"f":{"0":1,"1":0,"2":0,"3":0}}
,"/Users/diegovidelasilva/DAVS_Academy/DAVS_Cursos/Udemy/NodeJS_FH/DAVS_Curso_NodeJS/02_3_Bases_TS_Test/src/plugins/index.ts": {"path":"/Users/diegovidelasilva/DAVS_Academy/DAVS_Cursos/Udemy/NodeJS_FH/DAVS_Curso_NodeJS/02_3_Bases_TS_Test/src/plugins/index.ts","all":false,"statementMap":{"0":{"start":{"line":1,"column":0},"end":{"line":1,"column":39}},"1":{"start":{"line":2,"column":0},"end":{"line":2,"column":39}},"2":{"start":{"line":3,"column":0},"end":{"line":3,"column":67}},"3":{"start":{"line":4,"column":0},"end":{"line":4,"column":83}},"4":{"start":{"line":5,"column":0},"end":{"line":5,"column":44}}},"s":{"0":1,"1":1,"2":1,"3":1,"4":1},"branchMap":{"0":{"type":"branch","line":1,"loc":{"start":{"line":1,"column":8},"end":{"line":1,"column":39}},"locations":[{"start":{"line":1,"column":8},"end":{"line":1,"column":39}}]},"1":{"type":"branch","line":2,"loc":{"start":{"line":2,"column":8},"end":{"line":2,"column":39}},"locations":[{"start":{"line":2,"column":8},"end":{"line":2,"column":39}}]},"2":{"type":"branch","line":3,"loc":{"start":{"line":3,"column":8},"end":{"line":3,"column":38}},"locations":[{"start":{"line":3,"column":8},"end":{"line":3,"column":38}}]},"3":{"type":"branch","line":4,"loc":{"start":{"line":4,"column":8},"end":{"line":4,"column":48}},"locations":[{"start":{"line":4,"column":8},"end":{"line":4,"column":48}}]}},"b":{"0":[3],"1":[1],"2":[2],"3":[1]},"fnMap":{"0":{"name":"get","decl":{"start":{"line":1,"column":8},"end":{"line":1,"column":39}},"loc":{"start":{"line":1,"column":8},"end":{"line":1,"column":39}},"line":1},"1":{"name":"get","decl":{"start":{"line":2,"column":8},"end":{"line":2,"column":39}},"loc":{"start":{"line":2,"column":8},"end":{"line":2,"column":39}},"line":2},"2":{"name":"get","decl":{"start":{"line":3,"column":8},"end":{"line":3,"column":38}},"loc":{"start":{"line":3,"column":8},"end":{"line":3,"column":38}},"line":3},"3":{"name":"get","decl":{"start":{"line":4,"column":8},"end":{"line":4,"column":48}},"loc":{"start":{"line":4,"column":8},"end":{"line":4,"column":48}},"line":4},"4":{"name":"get","decl":{"start":{"line":5,"column":8},"end":{"line":5,"column":44}},"loc":{"start":{"line":5,"column":8},"end":{"line":5,"column":44}},"line":5}},"f":{"0":3,"1":1,"2":2,"3":1,"4":0}}
,"/Users/diegovidelasilva/DAVS_Academy/DAVS_Cursos/Udemy/NodeJS_FH/DAVS_Curso_NodeJS/02_3_Bases_TS_Test/src/plugins/logger.plugins.ts": {"path":"/Users/diegovidelasilva/DAVS_Academy/DAVS_Cursos/Udemy/NodeJS_FH/DAVS_Curso_NodeJS/02_3_Bases_TS_Test/src/plugins/logger.plugins.ts","all":false,"statementMap":{"0":{"start":{"line":1,"column":0},"end":{"line":1,"column":41}},"1":{"start":{"line":2,"column":0},"end":{"line":2,"column":0}},"2":{"start":{"line":3,"column":0},"end":{"line":3,"column":0}},"3":{"start":{"line":4,"column":0},"end":{"line":4,"column":43}},"4":{"start":{"line":5,"column":0},"end":{"line":5,"column":1}},"5":{"start":{"line":6,"column":0},"end":{"line":6,"column":44}},"6":{"start":{"line":7,"column":0},"end":{"line":7,"column":18}},"7":{"start":{"line":8,"column":0},"end":{"line":8,"column":20}},"8":{"start":{"line":9,"column":0},"end":{"line":9,"column":20}},"9":{"start":{"line":10,"column":0},"end":{"line":10,"column":14}},"10":{"start":{"line":11,"column":0},"end":{"line":11,"column":6}},"11":{"start":{"line":12,"column":0},"end":{"line":12,"column":47}},"12":{"start":{"line":13,"column":0},"end":{"line":13,"column":17}},"13":{"start":{"line":14,"column":0},"end":{"line":14,"column":8}},"14":{"start":{"line":15,"column":0},"end":{"line":15,"column":81}},"15":{"start":{"line":16,"column":0},"end":{"line":16,"column":83}},"16":{"start":{"line":17,"column":0},"end":{"line":17,"column":8}},"17":{"start":{"line":18,"column":0},"end":{"line":18,"column":77}},"18":{"start":{"line":19,"column":0},"end":{"line":19,"column":64}},"19":{"start":{"line":20,"column":0},"end":{"line":20,"column":6}},"20":{"start":{"line":21,"column":0},"end":{"line":21,"column":5}},"21":{"start":{"line":22,"column":0},"end":{"line":22,"column":0}},"22":{"start":{"line":23,"column":0},"end":{"line":23,"column":45}},"23":{"start":{"line":24,"column":0},"end":{"line":24,"column":36}},"24":{"start":{"line":25,"column":0},"end":{"line":25,"column":6}},"25":{"start":{"line":26,"column":0},"end":{"line":26,"column":0}},"26":{"start":{"line":27,"column":0},"end":{"line":27,"column":0}},"27":{"start":{"line":28,"column":0},"end":{"line":28,"column":0}},"28":{"start":{"line":29,"column":0},"end":{"line":29,"column":50}},"29":{"start":{"line":30,"column":0},"end":{"line":30,"column":0}},"30":{"start":{"line":31,"column":0},"end":{"line":31,"column":12}},"31":{"start":{"line":32,"column":0},"end":{"line":32,"column":35}},"32":{"start":{"line":33,"column":0},"end":{"line":33,"column":50}},"33":{"start":{"line":34,"column":0},"end":{"line":34,"column":10}},"34":{"start":{"line":35,"column":0},"end":{"line":35,"column":37}},"35":{"start":{"line":36,"column":0},"end":{"line":36,"column":53}},"36":{"start":{"line":37,"column":0},"end":{"line":37,"column":9}},"37":{"start":{"line":38,"column":0},"end":{"line":38,"column":5}},"38":{"start":{"line":39,"column":0},"end":{"line":39,"column":3}}},"s":{"0":1,"1":1,"2":1,"3":1,"4":1,"5":1,"6":1,"7":1,"8":1,"9":1,"10":1,"11":1,"12":1,"13":1,"14":1,"15":1,"16":1,"17":1,"18":1,"19":1,"20":1,"21":1,"22":1,"23":1,"24":1,"25":1,"26":1,"27":1,"28":1,"29":2,"30":2,"31":2,"32":1,"33":2,"34":2,"35":0,"36":0,"37":2,"38":2},"branchMap":{"0":{"type":"branch","line":29,"loc":{"start":{"line":29,"column":28},"end":{"line":39,"column":3}},"locations":[{"start":{"line":29,"column":28},"end":{"line":39,"column":3}}]},"1":{"type":"branch","line":32,"loc":{"start":{"line":32,"column":13},"end":{"line":34,"column":9}},"locations":[{"start":{"line":32,"column":13},"end":{"line":34,"column":9}}]}},"b":{"0":[2],"1":[1]},"fnMap":{"0":{"name":"buildLogger","decl":{"start":{"line":29,"column":28},"end":{"line":39,"column":3}},"loc":{"start":{"line":29,"column":28},"end":{"line":39,"column":3}},"line":29},"1":{"name":"log","decl":{"start":{"line":32,"column":13},"end":{"line":34,"column":9}},"loc":{"start":{"line":32,"column":13},"end":{"line":34,"column":9}},"line":32},"2":{"name":"error","decl":{"start":{"line":35,"column":15},"end":{"line":37,"column":9}},"loc":{"start":{"line":35,"column":15},"end":{"line":37,"column":9}},"line":35}},"f":{"0":2,"1":1,"2":0}}
}
